[debug] [2022-06-20T17:07:53.957Z] ----------------------------------------------------------------------
[debug] [2022-06-20T17:07:53.959Z] Command:       C:\Program Files\nodejs\node.exe C:\Users\Admin\AppData\Roaming\npm\node_modules\firebase-tools\lib\bin\firebase.js init
[debug] [2022-06-20T17:07:53.960Z] CLI Version:   11.1.0
[debug] [2022-06-20T17:07:53.960Z] Platform:      win32
[debug] [2022-06-20T17:07:53.960Z] Node Version:  v16.15.1
[debug] [2022-06-20T17:07:53.961Z] Time:          Mon Jun 20 2022 22:37:53 GMT+0530 (India Standard Time)
[debug] [2022-06-20T17:07:53.962Z] ----------------------------------------------------------------------
[debug] 
[debug] [2022-06-20T17:07:53.969Z] > command requires scopes: ["email","openid","https://www.googleapis.com/auth/cloudplatformprojects.readonly","https://www.googleapis.com/auth/firebase","https://www.googleapis.com/auth/cloud-platform"]
[debug] [2022-06-20T17:07:53.970Z] > authorizing via signed-in user (shindebhagyashri60@gmail.com)
[info] 
     ######## #### ########  ######## ########     ###     ######  ########
     ##        ##  ##     ## ##       ##     ##  ##   ##  ##       ##
     ######    ##  ########  ######   ########  #########  ######  ######
     ##        ##  ##    ##  ##       ##     ## ##     ##       ## ##
     ##       #### ##     ## ######## ########  ##     ##  ######  ########

You're about to initialize a Firebase project in this directory:

  D:\CODE-DATA\More_M\ReactDesignModel\whatsapp-clone

[info] 
=== Project Setup
[info] 
[info] First, let's associate this project directory with a Firebase project.
[info] You can create multiple project aliases by running firebase use --add, 
[info] but for now we'll just set up a default project.
[info] 
[debug] [2022-06-20T17:08:28.983Z] >>> [apiv2][query] GET https://firebase.googleapis.com/v1beta1/projects pageSize=100
[debug] [2022-06-20T17:08:30.746Z] <<< [apiv2][status] GET https://firebase.googleapis.com/v1beta1/projects 200
[debug] [2022-06-20T17:08:30.747Z] <<< [apiv2][body] GET https://firebase.googleapis.com/v1beta1/projects [omitted]
[info] i  Using project whatsapp-clone--react-97b09 (WhatsApp-Clone -React) 
[info] 
=== Hosting Setup
[info] 
[info] Your public directory is the folder (relative to your project directory) that
[info] will contain Hosting assets to be uploaded with firebase deploy. If you
[info] have a build process for your assets, use your build's output directory.
[info] 
[debug] [2022-06-20T17:09:56.008Z] >>> [apiv2][query] GET https://www.gstatic.com/firebasejs/releases.json [none]
[debug] [2022-06-20T17:09:56.190Z] <<< [apiv2][status] GET https://www.gstatic.com/firebasejs/releases.json 200
[debug] [2022-06-20T17:09:56.191Z] <<< [apiv2][body] GET https://www.gstatic.com/firebasejs/releases.json {"current":{"version":"9.8.3","browserURL":"https://www.gstatic.com/firebasejs/9.8.3/firebase.js","packageURL":"https://www.gstatic.com/firebasejs/9.8.3/firebase.tgz"},"live":{"version":"9.8","browserURL":"https://www.gstatic.com/firebasejs/live/9.8/firebase.js","packageURL":"https://www.gstatic.com/firebasejs/live/9.8/firebase.tgz"},"components":{"analytics":"https://www.gstatic.com/firebasejs/9.8.3/firebase-analytics.js","app":"https://www.gstatic.com/firebasejs/9.8.3/firebase-app.js","app-check":"https://www.gstatic.com/firebasejs/9.8.3/firebase-app-check.js","auth":"https://www.gstatic.com/firebasejs/9.8.3/firebase-auth.js","auth/cordova":"https://www.gstatic.com/firebasejs/9.8.3/firebase-auth/cordova.js","auth/react-native":"https://www.gstatic.com/firebasejs/9.8.3/firebase-auth/react-native.js","functions":"https://www.gstatic.com/firebasejs/9.8.3/firebase-functions.js","firestore":"https://www.gstatic.com/firebasejs/9.8.3/firebase-firestore.js","firestore/lite":"https://www.gstatic.com/firebasejs/9.8.3/firebase-firestore/lite.js","storage":"https://www.gstatic.com/firebasejs/9.8.3/firebase-storage.js","performance":"https://www.gstatic.com/firebasejs/9.8.3/firebase-performance.js","remote-config":"https://www.gstatic.com/firebasejs/9.8.3/firebase-remote-config.js","messaging":"https://www.gstatic.com/firebasejs/9.8.3/firebase-messaging.js","messaging/sw":"https://www.gstatic.com/firebasejs/9.8.3/firebase-messaging/sw.js","database":"https://www.gstatic.com/firebasejs/9.8.3/firebase-database.js","firestore.memory":"https://www.gstatic.com/firebasejs/9.8.3/firebase-firestore.memory.js"}}
[info] +  Wrote build/index.html 
[info] 
[info] i  Detected a .git folder at D:\CODE-DATA 
[info] i  Authorizing with GitHub to upload your service account to a GitHub repository's secrets store. 
[info] 
[info] Visit this URL on this device to log in:
[info] https://github.com/login/oauth/authorize?client_id=89cf50f02ac6aaed3484&state=947690190&redirect_uri=http%3A%2F%2Flocalhost%3A9005&scope=read%3Auser%20repo%20public_repo
[info] 
[info] Waiting for authentication...
[debug] [2022-06-20T17:11:13.923Z] >>> [apiv2][query] POST https://github.com/login/oauth/access_token [none]
[debug] [2022-06-20T17:11:13.923Z] >>> [apiv2][body] POST https://github.com/login/oauth/access_token [stream]
[debug] [2022-06-20T17:11:14.248Z] <<< [apiv2][status] POST https://github.com/login/oauth/access_token 200
[debug] [2022-06-20T17:11:14.249Z] <<< [apiv2][body] POST https://github.com/login/oauth/access_token {"access_token":"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","token_type":"bearer","scope":"read:user,repo"}
[debug] [2022-06-20T17:11:14.288Z] >>> [apiv2][query] GET https://api.github.com/user [none]
[debug] [2022-06-20T17:11:14.697Z] <<< [apiv2][status] GET https://api.github.com/user 200
[debug] [2022-06-20T17:11:14.698Z] <<< [apiv2][body] GET https://api.github.com/user {"login":"mau0829","id":46824365,"node_id":"MDQ6VXNlcjQ2ODI0MzY1","avatar_url":"https://avatars.githubusercontent.com/u/46824365?v=4","gravatar_id":"","url":"https://api.github.com/users/mau0829","html_url":"https://github.com/mau0829","followers_url":"https://api.github.com/users/mau0829/followers","following_url":"https://api.github.com/users/mau0829/following{/other_user}","gists_url":"https://api.github.com/users/mau0829/gists{/gist_id}","starred_url":"https://api.github.com/users/mau0829/starred{/owner}{/repo}","subscriptions_url":"https://api.github.com/users/mau0829/subscriptions","organizations_url":"https://api.github.com/users/mau0829/orgs","repos_url":"https://api.github.com/users/mau0829/repos","events_url":"https://api.github.com/users/mau0829/events{/privacy}","received_events_url":"https://api.github.com/users/mau0829/received_events","type":"User","site_admin":false,"name":null,"company":null,"blog":"","location":null,"email":null,"hireable":null,"bio":null,"twitter_username":null,"public_repos":2,"public_gists":0,"followers":0,"following":0,"created_at":"2019-01-18T17:53:35Z","updated_at":"2022-06-20T17:11:06Z","private_gists":0,"total_private_repos":3,"owned_private_repos":3,"disk_usage":1315,"collaborators":0,"two_factor_authentication":false,"plan":{"name":"free","space":976562499,"collaborators":0,"private_repos":10000}}
[info] 
[info] +  Success! Logged into GitHub as mau0829 
[info] 
[debug] [2022-06-20T17:12:15.503Z] >>> [apiv2][query] GET https://api.github.com/repos/user/actions/secrets/public-key type=owner
[debug] [2022-06-20T17:12:15.868Z] <<< [apiv2][status] GET https://api.github.com/repos/user/actions/secrets/public-key 404
[debug] [2022-06-20T17:12:15.869Z] <<< [apiv2][body] GET https://api.github.com/repos/user/actions/secrets/public-key {"message":"Not Found","documentation_url":"https://docs.github.com/rest"}
[debug] [2022-06-20T17:12:21.566Z] >>> [apiv2][query] GET https://api.github.com/repos/user/actions/secrets/public-key type=owner
[debug] [2022-06-20T17:12:21.836Z] <<< [apiv2][status] GET https://api.github.com/repos/user/actions/secrets/public-key 404
[debug] [2022-06-20T17:12:21.837Z] <<< [apiv2][body] GET https://api.github.com/repos/user/actions/secrets/public-key {"message":"Not Found","documentation_url":"https://docs.github.com/rest"}
[debug] [2022-06-20T17:32:38.374Z] Error: kill ENOSYS
    at process.kill (node:internal/process/per_thread:220:13)
    at process.listener (C:\Users\Admin\AppData\Roaming\npm\node_modules\firebase-tools\node_modules\signal-exit\index.js:95:15)
    at process.emit (node:events:527:28)
[error] 
[error] Error: An unexpected error has occurred.
